05:05:20 **** Build of configuration Debug for project SensorDataMg ****
make all 
'Building file: ../main.c'
'Invoking: Cross GCC Compiler'
gcc -O0 -g3 -Wall -c -fmessage-length=0 -MMD -MP -MF"main.d" -MT"main.o" -o "main.o" "../main.c"
../main.c: In function 'processData':
../main.c:63:24: warning: unknown conversion type character '\x0a' in format [-Wformat=]
   63 |   printf("Humidity %d %\n",sensor->data.humidsensor);
      |                        ^~
../main.c:63:24: warning: unknown conversion type character '\x0a' in format [-Wformat=]
'Finished building: ../main.c'
' '
'Building target: SensorDataMg'
'Invoking: Cross GCC Linker'
gcc  -o "SensorDataMg"  ./main.o   
'Finished building target: SensorDataMg'
' '
05:05:27 **** Incremental Build of configuration Debug for project SensorDataMg ****
make all 
'Building target: SensorDataMg'
'Invoking: Cross GCC Linker'
gcc  -o "SensorDataMg"  ./main.o   
'Finished building target: SensorDataMg'
' '
